<?xml version="1.0" encoding="UTF-8" standalone="no"?><testsuite errors="1" failures="0" name="Reto técnico de Automatización" skipped="0" tests="1" time="37.6" timestamp="2024-09-13 11:41:29"><testcase name="Validar el convertidor de tasa de interés"><error message="element click intercepted: Element &lt;a class=&quot;card-link&quot; href=&quot;/negocios/herramientas/convertidor-de-tasas&quot;&gt;...&lt;/a&gt; is not clickable at point (665, 50). Other element would receive the click: &lt;a href=&quot;javascript:void(0);&quot; data-uuid=&quot;84b43e21-9a00-462b-91ac-59173c8f3dab&quot; data-color=&quot;#CCCCCC&quot;&gt;...&lt;/a&gt;&#10;  (Session info: chrome=128.0.6613.138)&#10;Build info: version: '4.19.0', revision: '5f9cec8963'&#10;System info: os.name: 'Windows 11', os.arch: 'amd64', os.version: '10.0', java.version: '11.0.15'&#10;Driver info: org.openqa.selenium.chrome.ChromeDriver&#10;Command: [e83315460b28cc9d9f55a86cd4c13d9b, clickElement {id=f.5BEFC69DD14D7A43726DCFBFBAA7E75D.d.D467CCD75E05AB3AF000F6049A7F6275.e.146}]&#10;Capabilities {acceptInsecureCerts: false, browserName: chrome, browserVersion: 128.0.6613.138, chrome: {chromedriverVersion: 128.0.6613.137 (fe621c5aa2d..., userDataDir: C:\Users\JONATHAN\AppData\L...}, fedcm:accounts: true, goog:chromeOptions: {debuggerAddress: localhost:59996}, networkConnectionEnabled: false, pageLoadStrategy: normal, platformName: windows, proxy: Proxy(), se:cdp: ws://localhost:59996/devtoo..., se:cdpVersion: 128.0.6613.138, setWindowRect: true, strictFileInteractability: false, timeouts: {implicit: 0, pageLoad: 300000, script: 30000}, unhandledPromptBehavior: dismiss and notify, webauthn:extension:credBlob: true, webauthn:extension:largeBlob: true, webauthn:extension:minPinLength: true, webauthn:extension:prf: true, webauthn:virtualAuthenticators: true}&#10;Element: [[ChromeDriver: chrome on windows (e83315460b28cc9d9f55a86cd4c13d9b)] -&gt; xpath: (//a[@href='/negocios/herramientas/convertidor-de-tasas'])[2]]&#10;Session ID: e83315460b28cc9d9f55a86cd4c13d9b" type="org.openqa.selenium.ElementClickInterceptedException">element click intercepted: Element &lt;a class="card-link" href="/negocios/herramientas/convertidor-de-tasas"&gt;...&lt;/a&gt; is not clickable at point (665, 50). Other element would receive the click: &lt;a href="javascript:void(0);" data-uuid="84b43e21-9a00-462b-91ac-59173c8f3dab" data-color="#CCCCCC"&gt;...&lt;/a&gt;
  (Session info: chrome=128.0.6613.138)
Build info: version: '4.19.0', revision: '5f9cec8963'
System info: os.name: 'Windows 11', os.arch: 'amd64', os.version: '10.0', java.version: '11.0.15'
Driver info: org.openqa.selenium.chrome.ChromeDriver
Command: [e83315460b28cc9d9f55a86cd4c13d9b, clickElement {id=f.5BEFC69DD14D7A43726DCFBFBAA7E75D.d.D467CCD75E05AB3AF000F6049A7F6275.e.146}]
Capabilities {acceptInsecureCerts: false, browserName: chrome, browserVersion: 128.0.6613.138, chrome: {chromedriverVersion: 128.0.6613.137 (fe621c5aa2d..., userDataDir: C:\Users\JONATHAN\AppData\L...}, fedcm:accounts: true, goog:chromeOptions: {debuggerAddress: localhost:59996}, networkConnectionEnabled: false, pageLoadStrategy: normal, platformName: windows, proxy: Proxy(), se:cdp: ws://localhost:59996/devtoo..., se:cdpVersion: 128.0.6613.138, setWindowRect: true, strictFileInteractability: false, timeouts: {implicit: 0, pageLoad: 300000, script: 30000}, unhandledPromptBehavior: dismiss and notify, webauthn:extension:credBlob: true, webauthn:extension:largeBlob: true, webauthn:extension:minPinLength: true, webauthn:extension:prf: true, webauthn:virtualAuthenticators: true}
Element: [[ChromeDriver: chrome on windows (e83315460b28cc9d9f55a86cd4c13d9b)] -&gt; xpath: (//a[@href='/negocios/herramientas/convertidor-de-tasas'])[2]]
Session ID: e83315460b28cc9d9f55a86cd4c13d9b</error><system-err>element click intercepted: Element &lt;a class="card-link" href="/negocios/herramientas/convertidor-de-tasas"&gt;...&lt;/a&gt; is not clickable at point (665, 50). Other element would receive the click: &lt;a href="javascript:void(0);" data-uuid="84b43e21-9a00-462b-91ac-59173c8f3dab" data-color="#CCCCCC"&gt;...&lt;/a&gt;
  (Session info: chrome=128.0.6613.138)
Build info: version: '4.19.0', revision: '5f9cec8963'
System info: os.name: 'Windows 11', os.arch: 'amd64', os.version: '10.0', java.version: '11.0.15'
Driver info: org.openqa.selenium.chrome.ChromeDriver
Command: [e83315460b28cc9d9f55a86cd4c13d9b, clickElement {id=f.5BEFC69DD14D7A43726DCFBFBAA7E75D.d.D467CCD75E05AB3AF000F6049A7F6275.e.146}]
Capabilities {acceptInsecureCerts: false, browserName: chrome, browserVersion: 128.0.6613.138, chrome: {chromedriverVersion: 128.0.6613.137 (fe621c5aa2d..., userDataDir: C:\Users\JONATHAN\AppData\L...}, fedcm:accounts: true, goog:chromeOptions: {debuggerAddress: localhost:59996}, networkConnectionEnabled: false, pageLoadStrategy: normal, platformName: windows, proxy: Proxy(), se:cdp: ws://localhost:59996/devtoo..., se:cdpVersion: 128.0.6613.138, setWindowRect: true, strictFileInteractability: false, timeouts: {implicit: 0, pageLoad: 300000, script: 30000}, unhandledPromptBehavior: dismiss and notify, webauthn:extension:credBlob: true, webauthn:extension:largeBlob: true, webauthn:extension:minPinLength: true, webauthn:extension:prf: true, webauthn:virtualAuthenticators: true}
Element: [[ChromeDriver: chrome on windows (e83315460b28cc9d9f55a86cd4c13d9b)] -&gt; xpath: (//a[@href='/negocios/herramientas/convertidor-de-tasas'])[2]]
Session ID: e83315460b28cc9d9f55a86cd4c13d9b&#13;
tasks.SelectToolConvert.performAs(SelectToolConvert.java:18)&#13;
cucumber.stepsDefinitions.InteractsConverterSteps.interactsConverter(InteractsConverterSteps.java:12)&#13;
worker.org.gradle.process.internal.worker.GradleWorkerMain.run(GradleWorkerMain.java:69)&#13;
worker.org.gradle.process.internal.worker.GradleWorkerMain.main(GradleWorkerMain.java:74)&#13;
</system-err></testcase></testsuite>